[0m01:23:30.928492 [debug] [MainThread]: Sending event: {'category': 'dbt', 'action': 'invocation', 'label': 'start', 'context': [<snowplow_tracker.self_describing_json.SelfDescribingJson object at 0x10a7685c0>, <snowplow_tracker.self_describing_json.SelfDescribingJson object at 0x10d682690>, <snowplow_tracker.self_describing_json.SelfDescribingJson object at 0x10d458620>]}


============================== 01:23:30.948499 | 0d59ed07-1fe0-475a-86ea-ac352d5c02f3 ==============================
[0m01:23:30.948499 [info ] [MainThread]: Running with dbt=1.11.12
[0m01:23:30.948778 [debug] [MainThread]: running dbt with arguments {'static_parser': 'True', 'quiet': 'False', 'use_experimental_parser': 'False', 'warn_error': 'None', 'introspect': 'True', 'partial_parse': 'True', 'log_cache_events': 'False', 'version_check': 'True', 'no_print': 'None', 'log_path': 'logs', 'invocation_command': 'dbt init', 'indirect_selection': 'eager', 'empty': 'None', 'use_colors': 'True', 'fail_fast': 'False', 'send_anonymous_usage_stats': 'True', 'profiles_dir': '/Users/architgupta/.dbt', 'printer_width': '80', 'write_json': 'True', 'cache_selected_only': 'False', 'target_path': 'None', 'warn_error_options': 'WarnErrorOptionsV2(error=[], warn=[], silence=[])', 'debug': 'False', 'log_format': 'default'}
[0m01:23:30.976720 [info ] [MainThread]: Creating dbt configuration folder at /Users/architgupta/.dbt
[0m01:24:37.593236 [debug] [MainThread]: Starter project path: /Users/architgupta/Documents/Learnings/Dbt Learning/DBT_Snowflake/.venv/lib/python3.12/site-packages/dbt/include/starter_project
[0m01:24:37.604318 [info ] [MainThread]: 
Your new dbt project "azure_dbt_snowflake_project" was created!

For more information on how to configure the profiles.yml file,
please consult the dbt documentation here:

  https://docs.getdbt.com/docs/configure-your-profile

One more thing:

Need help? Don't hesitate to reach out to us via GitHub issues or on Slack:

  https://community.getdbt.com/

Happy modeling!

[0m01:24:37.605172 [info ] [MainThread]: Setting up your profile.
[0m01:24:56.440640 [debug] [MainThread]: Snowflake adapter: Setting snowflake.connector to ERROR (file logging only)
[0m01:24:56.441043 [debug] [MainThread]: Snowflake adapter: Setting botocore to ERROR (file logging only)
[0m01:24:56.441196 [debug] [MainThread]: Snowflake adapter: Setting boto3 to ERROR (file logging only)
[0m01:26:31.539429 [info ] [MainThread]: Profile azure_dbt_snowflake_project written to /Users/architgupta/.dbt/profiles.yml using target's profile_template.yml and your supplied values. Run 'dbt debug' to validate the connection.
[0m01:26:32.091710 [debug] [MainThread]: Resource report: {"command_name": "init", "command_success": true, "command_wall_clock_time": 181.21097, "process_in_blocks": "0", "process_kernel_time": 0.427915, "process_mem_max_rss": "137658368", "process_out_blocks": "0", "process_user_time": 1.950163}
[0m01:26:32.095977 [debug] [MainThread]: Command `dbt init` succeeded at 01:26:32.095567 after 181.22 seconds
[0m01:26:32.097359 [debug] [MainThread]: Sending event: {'category': 'dbt', 'action': 'invocation', 'label': 'end', 'context': [<snowplow_tracker.self_describing_json.SelfDescribingJson object at 0x10d8ca4b0>, <snowplow_tracker.self_describing_json.SelfDescribingJson object at 0x10eb10290>, <snowplow_tracker.self_describing_json.SelfDescribingJson object at 0x10e3fda60>]}
[0m01:26:32.098331 [debug] [MainThread]: Flushing usage events
[0m01:26:33.049662 [debug] [MainThread]: An error was encountered while trying to flush usage events
[0m01:31:09.485128 [debug] [MainThread]: Sending event: {'category': 'dbt', 'action': 'invocation', 'label': 'start', 'context': [<snowplow_tracker.self_describing_json.SelfDescribingJson object at 0x10b5701d0>, <snowplow_tracker.self_describing_json.SelfDescribingJson object at 0x10ad7da60>, <snowplow_tracker.self_describing_json.SelfDescribingJson object at 0x10b852b70>]}


============================== 01:31:09.487614 | c3e79727-527c-4b55-8793-a8ec58045214 ==============================
[0m01:31:09.487614 [info ] [MainThread]: Running with dbt=1.11.12
[0m01:31:09.487867 [debug] [MainThread]: running dbt with arguments {'profiles_dir': '/Users/architgupta/.dbt', 'no_print': 'None', 'warn_error_options': 'WarnErrorOptionsV2(error=[], warn=[], silence=[])', 'static_parser': 'True', 'use_experimental_parser': 'False', 'version_check': 'True', 'quiet': 'False', 'target_path': 'None', 'debug': 'False', 'empty': 'None', 'fail_fast': 'False', 'log_format': 'default', 'partial_parse': 'True', 'write_json': 'True', 'cache_selected_only': 'False', 'warn_error': 'None', 'log_path': 'logs', 'use_colors': 'True', 'printer_width': '80', 'indirect_selection': 'eager', 'log_cache_events': 'False', 'send_anonymous_usage_stats': 'True', 'introspect': 'True', 'invocation_command': 'dbt debug'}
[0m01:31:09.498179 [info ] [MainThread]: dbt version: 1.11.12
[0m01:31:09.498359 [info ] [MainThread]: python version: 3.12.6
[0m01:31:09.498471 [info ] [MainThread]: python path: /Users/architgupta/Documents/Learnings/Dbt Learning/DBT_Snowflake/.venv/bin/python3
[0m01:31:09.498575 [info ] [MainThread]: os info: macOS-26.4-arm64-arm-64bit
[0m01:31:09.703356 [debug] [MainThread]: Snowflake adapter: Setting snowflake.connector to ERROR (file logging only)
[0m01:31:09.703575 [debug] [MainThread]: Snowflake adapter: Setting botocore to ERROR (file logging only)
[0m01:31:09.703689 [debug] [MainThread]: Snowflake adapter: Setting boto3 to ERROR (file logging only)
[0m01:31:09.728675 [info ] [MainThread]: Using profiles dir at /Users/architgupta/.dbt
[0m01:31:09.728841 [info ] [MainThread]: Using profiles.yml file at /Users/architgupta/.dbt/profiles.yml
[0m01:31:09.728955 [info ] [MainThread]: Using dbt_project.yml file at /Users/architgupta/Documents/Learnings/Dbt Learning/DBT_Snowflake/dbt_project.yml
[0m01:31:09.729495 [info ] [MainThread]: adapter type: snowflake
[0m01:31:09.729643 [info ] [MainThread]: adapter version: 1.11.6
[0m01:31:09.729767 [info ] [MainThread]: Configuration:
[0m01:31:09.729872 [info ] [MainThread]:   profiles.yml file [[32mOK found and valid[0m]
[0m01:31:09.729972 [info ] [MainThread]:   dbt_project.yml file [[31mERROR not found[0m]
[0m01:31:09.730066 [info ] [MainThread]: Required dependencies:
[0m01:31:09.730193 [debug] [MainThread]: Executing "git --help"
[0m01:31:09.744528 [debug] [MainThread]: STDOUT: "b"usage: git [-v | --version] [-h | --help] [-C <path>] [-c <name>=<value>]\n           [--exec-path[=<path>]] [--html-path] [--man-path] [--info-path]\n           [-p | --paginate | -P | --no-pager] [--no-replace-objects] [--no-lazy-fetch]\n           [--no-optional-locks] [--no-advice] [--bare] [--git-dir=<path>]\n           [--work-tree=<path>] [--namespace=<name>] [--config-env=<name>=<envvar>]\n           <command> [<args>]\n\nThese are common Git commands used in various situations:\n\nstart a working area (see also: git help tutorial)\n   clone      Clone a repository into a new directory\n   init       Create an empty Git repository or reinitialize an existing one\n\nwork on the current change (see also: git help everyday)\n   add        Add file contents to the index\n   mv         Move or rename a file, a directory, or a symlink\n   restore    Restore working tree files\n   rm         Remove files from the working tree and from the index\n\nexamine the history and state (see also: git help revisions)\n   bisect     Use binary search to find the commit that introduced a bug\n   diff       Show changes between commits, commit and working tree, etc\n   grep       Print lines matching a pattern\n   log        Show commit logs\n   show       Show various types of objects\n   status     Show the working tree status\n\ngrow, mark and tweak your common history\n   backfill   Download missing objects in a partial clone\n   branch     List, create, or delete branches\n   commit     Record changes to the repository\n   merge      Join two or more development histories together\n   rebase     Reapply commits on top of another base tip\n   reset      Reset current HEAD to the specified state\n   switch     Switch branches\n   tag        Create, list, delete or verify a tag object signed with GPG\n\ncollaborate (see also: git help workflows)\n   fetch      Download objects and refs from another repository\n   pull       Fetch from and integrate with another repository or a local branch\n   push       Update remote refs along with associated objects\n\n'git help -a' and 'git help -g' list available subcommands and some\nconcept guides. See 'git help <command>' or 'git help <concept>'\nto read about a specific subcommand or concept.\nSee 'git help git' for an overview of the system.\n""
[0m01:31:09.744917 [debug] [MainThread]: STDERR: "b''"
[0m01:31:09.745051 [info ] [MainThread]:  - git [[32mOK found[0m]

[0m01:31:09.745199 [info ] [MainThread]: Connection:
[0m01:31:09.745346 [info ] [MainThread]:   account: ULXZADG-DXB08793
[0m01:31:09.745446 [info ] [MainThread]:   user: architg0409
[0m01:31:09.745541 [info ] [MainThread]:   database: AIRBNB
[0m01:31:09.745634 [info ] [MainThread]:   warehouse: COMPUTE_WH
[0m01:31:09.745725 [info ] [MainThread]:   role: ACCOUNTADMIN
[0m01:31:09.745813 [info ] [MainThread]:   schema: dbt_schema
[0m01:31:09.745905 [info ] [MainThread]:   authenticator: None
[0m01:31:09.745994 [info ] [MainThread]:   oauth_client_id: None
[0m01:31:09.746082 [info ] [MainThread]:   query_tag: None
[0m01:31:09.746173 [info ] [MainThread]:   client_session_keep_alive: False
[0m01:31:09.746262 [info ] [MainThread]:   host: None
[0m01:31:09.746352 [info ] [MainThread]:   port: None
[0m01:31:09.746440 [info ] [MainThread]:   proxy_host: None
[0m01:31:09.746529 [info ] [MainThread]:   proxy_port: None
[0m01:31:09.746619 [info ] [MainThread]:   protocol: None
[0m01:31:09.746706 [info ] [MainThread]:   connect_retries: 1
[0m01:31:09.746792 [info ] [MainThread]:   connect_timeout: None
[0m01:31:09.746880 [info ] [MainThread]:   retry_on_database_errors: False
[0m01:31:09.746969 [info ] [MainThread]:   retry_all: False
[0m01:31:09.747055 [info ] [MainThread]:   insecure_mode: False
[0m01:31:09.747142 [info ] [MainThread]:   reuse_connections: True
[0m01:31:09.747230 [info ] [MainThread]:   s3_stage_vpce_dns_name: None
[0m01:31:09.747317 [info ] [MainThread]:   platform_detection_timeout_seconds: 0.0
[0m01:31:09.747571 [info ] [MainThread]: Registered adapter: snowflake=1.11.6
[0m01:31:09.815304 [debug] [MainThread]: Acquiring new snowflake connection 'debug'
[0m01:31:09.843717 [debug] [MainThread]: Using snowflake connection "debug"
[0m01:31:09.843911 [debug] [MainThread]: On debug: select 1 as id
[0m01:31:09.844024 [debug] [MainThread]: Opening a new connection, currently in state init
[0m01:31:14.193343 [debug] [MainThread]: SQL status: SUCCESS 1 in 4.349 seconds
[0m01:31:14.196180 [info ] [MainThread]:   Connection test: [[32mOK connection ok[0m]

[0m01:31:14.197143 [info ] [MainThread]: [31m1 check failed:[0m
[0m01:31:14.197603 [info ] [MainThread]: Project loading failed for the following reason:
 project path </Users/architgupta/Documents/Learnings/Dbt Learning/DBT_Snowflake/dbt_project.yml> not found

[0m01:31:14.202510 [debug] [MainThread]: Resource report: {"command_name": "debug", "command_success": false, "command_wall_clock_time": 4.75058, "process_in_blocks": "0", "process_kernel_time": 0.220755, "process_mem_max_rss": "169771008", "process_out_blocks": "0", "process_user_time": 0.999988}
[0m01:31:14.203238 [debug] [MainThread]: Command `dbt debug` failed at 01:31:14.203097 after 4.75 seconds
[0m01:31:14.203639 [debug] [MainThread]: Connection 'debug' was left open.
[0m01:31:14.203921 [debug] [MainThread]: On debug: Close
[0m01:31:14.681891 [debug] [MainThread]: Sending event: {'category': 'dbt', 'action': 'invocation', 'label': 'end', 'context': [<snowplow_tracker.self_describing_json.SelfDescribingJson object at 0x10273ab70>, <snowplow_tracker.self_describing_json.SelfDescribingJson object at 0x10d4046b0>, <snowplow_tracker.self_describing_json.SelfDescribingJson object at 0x10d51ca10>]}
[0m01:31:14.683435 [debug] [MainThread]: Flushing usage events
[0m01:31:15.748385 [debug] [MainThread]: An error was encountered while trying to flush usage events
